<?xml version="1.0" encoding="UTF-8"?>
<!-- Generated by org.testng.reporters.JUnitReportReporter -->
<testsuite hostname="DESKTOP-5MRDKS5" failures="0" tests="2" name="testcases.LoginTest" time="50.959" errors="0" timestamp="2020-06-30T14:04:36 IST" skipped="0">
  <testcase classname="testcases.LoginTest" name="loginInvalid" time="25.718"/>
  <system-out/>
  <testcase classname="testcases.LoginTest" name="loginValid" time="25.241"/>
  <system-out/>
</testsuite> <!-- testcases.LoginTest -->
