<?xml version="1.0" encoding="UTF-8"?>
<!-- Generated by org.testng.reporters.JUnitReportReporter -->
<testsuite hostname="DESKTOP-5MRDKS5" failures="0" tests="1" name="testcases.InstallmentOptionsTest" time="29.904" errors="0" timestamp="2020-06-30T15:15:11 IST" skipped="0">
  <testcase classname="testcases.InstallmentOptionsTest" name="installmentOptionsValid" time="29.904"/>
  <system-out/>
</testsuite> <!-- testcases.InstallmentOptionsTest -->
