<?xml version="1.0" encoding="UTF-8"?>
<!-- Generated by org.testng.reporters.JUnitReportReporter -->
<testsuite hostname="DESKTOP-5MRDKS5" failures="0" tests="1" name="testcases.AdditionalCoversTest" time="31.627" errors="0" timestamp="2020-06-30T15:16:11 IST" skipped="0">
  <testcase classname="testcases.AdditionalCoversTest" name="validAdditionalCovers" time="31.627"/>
  <system-out/>
</testsuite> <!-- testcases.AdditionalCoversTest -->
