<?xml version="1.0" encoding="UTF-8"?>
<!-- Generated by org.testng.reporters.JUnitReportReporter -->
<testsuite hostname="DESKTOP-5MRDKS5" failures="0" tests="1" name="testcases.AdditionalCoversTest" time="37.356" errors="0" timestamp="2020-07-02T10:59:18 IST" skipped="0">
  <testcase classname="testcases.AdditionalCoversTest" name="validAdditionalCovers" time="37.356"/>
  <system-out/>
</testsuite> <!-- testcases.AdditionalCoversTest -->
