<?xml version="1.0" encoding="UTF-8"?>
<!-- Generated by org.testng.reporters.JUnitReportReporter -->
<testsuite hostname="DESKTOP-5MRDKS5" failures="0" tests="3" name="testcases.VehicleInfoTest" time="33.049" errors="0" timestamp="2020-06-25T16:24:41 IST" skipped="0">
  <testcase classname="testcases.VehicleInfoTest" name="vehicleInfoIncorrectValueInvalid" time="8.133"/>
  <system-out/>
  <testcase classname="testcases.VehicleInfoTest" name="vehicleInfoValid" time="15.297"/>
  <system-out/>
  <testcase classname="testcases.VehicleInfoTest" name="vehicleInfoEmptyValueInvalid" time="9.619"/>
  <system-out/>
</testsuite> <!-- testcases.VehicleInfoTest -->
