<?xml version="1.0" encoding="UTF-8"?>
<!-- Generated by org.testng.reporters.JUnitReportReporter -->
<testsuite hostname="DESKTOP-5MRDKS5" failures="0" tests="3" name="testcases.InsuringPartyTest" time="65.268" errors="0" timestamp="2020-06-30T14:48:41 IST" skipped="0">
  <testcase classname="testcases.InsuringPartyTest" name="insuringPartyValid" time="21.966"/>
  <system-out/>
  <testcase classname="testcases.InsuringPartyTest" name="insuringPartyEmptyValueInvalid" time="21.910"/>
  <system-out/>
  <testcase classname="testcases.InsuringPartyTest" name="insuringPartyIncorrectValueInvalid" time="21.392"/>
  <system-out/>
</testsuite> <!-- testcases.InsuringPartyTest -->
