<?xml version="1.0" encoding="UTF-8"?>
<!-- Generated by org.testng.reporters.JUnitReportReporter -->
<testsuite hostname="DESKTOP-5MRDKS5" failures="0" tests="1" name="testcases.InstallmentOptionsTest" time="46.364" errors="0" timestamp="2020-07-02T10:57:58 IST" skipped="0">
  <testcase classname="testcases.InstallmentOptionsTest" name="installmentOptionsValid" time="46.364"/>
  <system-out/>
</testsuite> <!-- testcases.InstallmentOptionsTest -->
