<?xml version="1.0" encoding="UTF-8"?>
<!-- Generated by org.testng.reporters.JUnitReportReporter -->
<testsuite hostname="DESKTOP-5MRDKS5" failures="0" tests="2" name="motor1.Login" time="159.186" errors="0" timestamp="2020-06-23T21:49:42 IST" skipped="0">
  <testcase classname="motor1.Login" name="loginInvalid" time="87.377"/>
  <system-out/>
  <testcase classname="motor1.Login" name="loginValid" time="71.809"/>
  <system-out/>
</testsuite> <!-- motor1.Login -->
