<?xml version="1.0" encoding="UTF-8"?>
<!-- Generated by org.testng.reporters.JUnitReportReporter -->
<testsuite hostname="DESKTOP-5MRDKS5" failures="0" tests="1" name="testcases.InstallmentOptionsTest" time="23.728" errors="0" timestamp="2020-06-25T23:10:37 IST" skipped="0">
  <testcase classname="testcases.InstallmentOptionsTest" name="installmentOptionsValid" time="23.728"/>
  <system-out/>
</testsuite> <!-- testcases.InstallmentOptionsTest -->
