<?xml version="1.0" encoding="UTF-8"?>
<!-- Generated by org.testng.reporters.JUnitReportReporter -->
<testsuite hostname="DESKTOP-5MRDKS5" failures="0" tests="3" name="testcases.PolicyDetailsTest" time="67.863" errors="0" timestamp="2020-06-30T15:01:07 IST" skipped="0">
  <testcase classname="testcases.PolicyDetailsTest" name="policyDetailsValid" time="22.888"/>
  <system-out/>
  <testcase classname="testcases.PolicyDetailsTest" name="policyDetailsEmptyValueInvalid" time="24.692"/>
  <system-out/>
  <testcase classname="testcases.PolicyDetailsTest" name="policyDetailsIncorrectValueInvalid" time="20.283"/>
  <system-out/>
</testsuite> <!-- testcases.PolicyDetailsTest -->
