<?xml version="1.0" encoding="UTF-8"?>
<!-- Generated by org.testng.reporters.JUnitReportReporter -->
<testsuite hostname="DESKTOP-5MRDKS5" failures="0" tests="2" name="testcases.LoginTest" time="37.986" errors="0" timestamp="2020-06-25T16:23:31 IST" skipped="0">
  <testcase classname="testcases.LoginTest" name="loginInvalid" time="12.305"/>
  <system-out/>
  <testcase classname="testcases.LoginTest" name="loginValid" time="25.681"/>
  <system-out/>
</testsuite> <!-- testcases.LoginTest -->
