<?xml version="1.0" encoding="UTF-8"?>
<!-- Generated by org.testng.reporters.JUnitReportReporter -->
<testsuite hostname="DESKTOP-5MRDKS5" failures="0" tests="3" name="testcases.VehicleInfoTest" time="64.142" errors="0" timestamp="2020-06-30T14:28:09 IST" skipped="0">
  <testcase classname="testcases.VehicleInfoTest" name="vehicleInfoIncorrectValueInvalid" time="19.571"/>
  <system-out/>
  <testcase classname="testcases.VehicleInfoTest" name="vehicleInfoEmptyValueInvalid" time="20.946"/>
  <system-out/>
  <testcase classname="testcases.VehicleInfoTest" name="vehicleInfoValid" time="23.625"/>
  <system-out/>
</testsuite> <!-- testcases.VehicleInfoTest -->
