<?xml version="1.0" encoding="UTF-8"?>
<!-- Generated by org.testng.reporters.JUnitReportReporter -->
<testsuite hostname="DESKTOP-5MRDKS5" failures="0" tests="3" name="testcases.InsuringPartyTest" time="54.728" errors="0" timestamp="2020-06-25T23:53:18 IST" skipped="0">
  <testcase classname="testcases.InsuringPartyTest" name="insuringPartyValid" time="15.634"/>
  <system-out/>
  <testcase classname="testcases.InsuringPartyTest" name="insuringPartyEmptyValueInvalid" time="23.556"/>
  <system-out/>
  <testcase classname="testcases.InsuringPartyTest" name="insuringPartyIncorrectValueInvalid" time="15.538"/>
  <system-out/>
</testsuite> <!-- testcases.InsuringPartyTest -->
