<?xml version="1.0" encoding="UTF-8"?>
<!-- Generated by org.testng.reporters.JUnitReportReporter -->
<testsuite hostname="DESKTOP-5MRDKS5" failures="0" tests="3" name="testcases.PolicyDetailsTest" time="51.863" errors="0" timestamp="2020-06-26T00:00:07 IST" skipped="0">
  <testcase classname="testcases.PolicyDetailsTest" name="policyDetailsValid" time="16.844"/>
  <system-out/>
  <testcase classname="testcases.PolicyDetailsTest" name="policyDetailsEmptyValueInvalid" time="15.084"/>
  <system-out/>
  <testcase classname="testcases.PolicyDetailsTest" name="policyDetailsIncorrectValueInvalid" time="19.935"/>
  <system-out/>
</testsuite> <!-- testcases.PolicyDetailsTest -->
